ERROR - 2024-03-28 15:07:28 --> mysqli_sql_exception: MySQL server has gone away in C:\xampp\htdocs\absensi-tefa\system\Database\MySQLi\Connection.php:306
Stack trace:
#0 C:\xampp\htdocs\absensi-tefa\system\Database\MySQLi\Connection.php(306): mysqli->query('SELECT *\nFROM `...', 0)
#1 C:\xampp\htdocs\absensi-tefa\system\Database\BaseConnection.php(693): CodeIgniter\Database\MySQLi\Connection->execute('SELECT *\nFROM `...')
#2 C:\xampp\htdocs\absensi-tefa\system\Database\BaseConnection.php(607): CodeIgniter\Database\BaseConnection->simpleQuery('SELECT *\nFROM `...')
#3 C:\xampp\htdocs\absensi-tefa\system\Database\BaseBuilder.php(1616): CodeIgniter\Database\BaseConnection->query('SELECT *\nFROM `...', Array, false)
#4 C:\xampp\htdocs\absensi-tefa\system\Model.php(242): CodeIgniter\Database\BaseBuilder->get()
#5 C:\xampp\htdocs\absensi-tefa\system\BaseModel.php(638): CodeIgniter\Model->doFindAll(0, 0)
#6 C:\xampp\htdocs\absensi-tefa\app\Views\form_kehadiran.php(22): CodeIgniter\BaseModel->findAll()
#7 C:\xampp\htdocs\absensi-tefa\system\View\View.php(228): include('C:\\xampp\\htdocs...')
#8 C:\xampp\htdocs\absensi-tefa\system\View\View.php(231): CodeIgniter\View\View->CodeIgniter\View\{closure}()
#9 C:\xampp\htdocs\absensi-tefa\system\Common.php(1178): CodeIgniter\View\View->render('form_kehadiran', Array, true)
#10 C:\xampp\htdocs\absensi-tefa\app\Controllers\RoutesController.php(12): view('form_kehadiran')
#11 C:\xampp\htdocs\absensi-tefa\system\CodeIgniter.php(941): App\Controllers\RoutesController->form_kehadiran()
#12 C:\xampp\htdocs\absensi-tefa\system\CodeIgniter.php(502): CodeIgniter\CodeIgniter->runController(Object(App\Controllers\RoutesController))
#13 C:\xampp\htdocs\absensi-tefa\system\CodeIgniter.php(361): CodeIgniter\CodeIgniter->handleRequest(NULL, Object(Config\Cache), false)
#14 C:\xampp\htdocs\absensi-tefa\public\index.php(79): CodeIgniter\CodeIgniter->run()
#15 C:\xampp\htdocs\absensi-tefa\system\Commands\Server\rewrite.php(47): require_once('C:\\xampp\\htdocs...')
#16 {main}
CRITICAL - 2024-03-28 15:07:28 --> CodeIgniter\Database\Exceptions\DatabaseException: MySQL server has gone away
in SYSTEMPATH\Database\BaseConnection.php on line 647.
 1 SYSTEMPATH\Database\BaseBuilder.php(1616): CodeIgniter\Database\BaseConnection->query('SELECT *
FROM `mahasiswa`', [], false)
 2 SYSTEMPATH\Model.php(242): CodeIgniter\Database\BaseBuilder->get()
 3 SYSTEMPATH\BaseModel.php(638): CodeIgniter\Model->doFindAll(0, 0)
 4 APPPATH\Views\form_kehadiran.php(22): CodeIgniter\BaseModel->findAll()
 5 SYSTEMPATH\View\View.php(228): include('C:\\xampp\\htdocs\\absensi-tefa\\app\\Views\\form_kehadiran.php')
 6 SYSTEMPATH\View\View.php(231): CodeIgniter\View\View->CodeIgniter\View\{closure}()
 7 SYSTEMPATH\Common.php(1178): CodeIgniter\View\View->render('form_kehadiran', [], true)
 8 APPPATH\Controllers\RoutesController.php(12): view('form_kehadiran')
 9 SYSTEMPATH\CodeIgniter.php(941): App\Controllers\RoutesController->form_kehadiran()
10 SYSTEMPATH\CodeIgniter.php(502): CodeIgniter\CodeIgniter->runController(Object(App\Controllers\RoutesController))
11 SYSTEMPATH\CodeIgniter.php(361): CodeIgniter\CodeIgniter->handleRequest(null, Object(Config\Cache), false)
12 FCPATH\index.php(79): CodeIgniter\CodeIgniter->run()
13 SYSTEMPATH\Commands\Server\rewrite.php(47): require_once('C:\\xampp\\htdocs\\absensi-tefa\\public\\index.php')
CRITICAL - 2024-03-28 15:07:28 --> [Caused by] CodeIgniter\Database\Exceptions\DatabaseException: MySQL server has gone away
in SYSTEMPATH\Database\MySQLi\Connection.php on line 311.
 1 SYSTEMPATH\Database\BaseConnection.php(693): CodeIgniter\Database\MySQLi\Connection->execute('SELECT *
FROM `mahasiswa`')
 2 SYSTEMPATH\Database\BaseConnection.php(607): CodeIgniter\Database\BaseConnection->simpleQuery('SELECT *
FROM `mahasiswa`')
 3 SYSTEMPATH\Database\BaseBuilder.php(1616): CodeIgniter\Database\BaseConnection->query('SELECT *
FROM `mahasiswa`', [], false)
 4 SYSTEMPATH\Model.php(242): CodeIgniter\Database\BaseBuilder->get()
 5 SYSTEMPATH\BaseModel.php(638): CodeIgniter\Model->doFindAll(0, 0)
 6 APPPATH\Views\form_kehadiran.php(22): CodeIgniter\BaseModel->findAll()
 7 SYSTEMPATH\View\View.php(228): include('C:\\xampp\\htdocs\\absensi-tefa\\app\\Views\\form_kehadiran.php')
 8 SYSTEMPATH\View\View.php(231): CodeIgniter\View\View->CodeIgniter\View\{closure}()
 9 SYSTEMPATH\Common.php(1178): CodeIgniter\View\View->render('form_kehadiran', [], true)
10 APPPATH\Controllers\RoutesController.php(12): view('form_kehadiran')
11 SYSTEMPATH\CodeIgniter.php(941): App\Controllers\RoutesController->form_kehadiran()
12 SYSTEMPATH\CodeIgniter.php(502): CodeIgniter\CodeIgniter->runController(Object(App\Controllers\RoutesController))
13 SYSTEMPATH\CodeIgniter.php(361): CodeIgniter\CodeIgniter->handleRequest(null, Object(Config\Cache), false)
14 FCPATH\index.php(79): CodeIgniter\CodeIgniter->run()
15 SYSTEMPATH\Commands\Server\rewrite.php(47): require_once('C:\\xampp\\htdocs\\absensi-tefa\\public\\index.php')
CRITICAL - 2024-03-28 15:07:28 --> [Caused by] mysqli_sql_exception: MySQL server has gone away
in SYSTEMPATH\Database\MySQLi\Connection.php on line 306.
 1 SYSTEMPATH\Database\MySQLi\Connection.php(306): mysqli->query('SELECT *
FROM `mahasiswa`', 0)
 2 SYSTEMPATH\Database\BaseConnection.php(693): CodeIgniter\Database\MySQLi\Connection->execute('SELECT *
FROM `mahasiswa`')
 3 SYSTEMPATH\Database\BaseConnection.php(607): CodeIgniter\Database\BaseConnection->simpleQuery('SELECT *
FROM `mahasiswa`')
 4 SYSTEMPATH\Database\BaseBuilder.php(1616): CodeIgniter\Database\BaseConnection->query('SELECT *
FROM `mahasiswa`', [], false)
 5 SYSTEMPATH\Model.php(242): CodeIgniter\Database\BaseBuilder->get()
 6 SYSTEMPATH\BaseModel.php(638): CodeIgniter\Model->doFindAll(0, 0)
 7 APPPATH\Views\form_kehadiran.php(22): CodeIgniter\BaseModel->findAll()
 8 SYSTEMPATH\View\View.php(228): include('C:\\xampp\\htdocs\\absensi-tefa\\app\\Views\\form_kehadiran.php')
 9 SYSTEMPATH\View\View.php(231): CodeIgniter\View\View->CodeIgniter\View\{closure}()
10 SYSTEMPATH\Common.php(1178): CodeIgniter\View\View->render('form_kehadiran', [], true)
11 APPPATH\Controllers\RoutesController.php(12): view('form_kehadiran')
12 SYSTEMPATH\CodeIgniter.php(941): App\Controllers\RoutesController->form_kehadiran()
13 SYSTEMPATH\CodeIgniter.php(502): CodeIgniter\CodeIgniter->runController(Object(App\Controllers\RoutesController))
14 SYSTEMPATH\CodeIgniter.php(361): CodeIgniter\CodeIgniter->handleRequest(null, Object(Config\Cache), false)
15 FCPATH\index.php(79): CodeIgniter\CodeIgniter->run()
16 SYSTEMPATH\Commands\Server\rewrite.php(47): require_once('C:\\xampp\\htdocs\\absensi-tefa\\public\\index.php')
ERROR - 2024-03-28 15:19:50 --> Error connecting to the database: mysqli_sql_exception: Unknown database 'absensi_tefa' in C:\xampp\htdocs\absensi-tefa\system\Database\MySQLi\Connection.php:184
Stack trace:
#0 C:\xampp\htdocs\absensi-tefa\system\Database\MySQLi\Connection.php(184): mysqli->real_connect('localhost', 'root', Object(SensitiveParameterValue), 'absensi_tefa', 3306, '', 0)
#1 C:\xampp\htdocs\absensi-tefa\system\Database\BaseConnection.php(392): CodeIgniter\Database\MySQLi\Connection->connect(false)
#2 C:\xampp\htdocs\absensi-tefa\system\Database\BaseConnection.php(575): CodeIgniter\Database\BaseConnection->initialize()
#3 C:\xampp\htdocs\absensi-tefa\system\Database\BaseBuilder.php(1616): CodeIgniter\Database\BaseConnection->query('SELECT *\nFROM `...', Array, false)
#4 C:\xampp\htdocs\absensi-tefa\system\Model.php(242): CodeIgniter\Database\BaseBuilder->get()
#5 C:\xampp\htdocs\absensi-tefa\system\BaseModel.php(638): CodeIgniter\Model->doFindAll(0, 0)
#6 C:\xampp\htdocs\absensi-tefa\app\Views\form_kehadiran.php(22): CodeIgniter\BaseModel->findAll()
#7 C:\xampp\htdocs\absensi-tefa\system\View\View.php(228): include('C:\\xampp\\htdocs...')
#8 C:\xampp\htdocs\absensi-tefa\system\View\View.php(231): CodeIgniter\View\View->CodeIgniter\View\{closure}()
#9 C:\xampp\htdocs\absensi-tefa\system\Common.php(1178): CodeIgniter\View\View->render('form_kehadiran', Array, true)
#10 C:\xampp\htdocs\absensi-tefa\app\Controllers\RoutesController.php(12): view('form_kehadiran')
#11 C:\xampp\htdocs\absensi-tefa\system\CodeIgniter.php(941): App\Controllers\RoutesController->form_kehadiran()
#12 C:\xampp\htdocs\absensi-tefa\system\CodeIgniter.php(502): CodeIgniter\CodeIgniter->runController(Object(App\Controllers\RoutesController))
#13 C:\xampp\htdocs\absensi-tefa\system\CodeIgniter.php(361): CodeIgniter\CodeIgniter->handleRequest(NULL, Object(Config\Cache), false)
#14 C:\xampp\htdocs\absensi-tefa\public\index.php(79): CodeIgniter\CodeIgniter->run()
#15 C:\xampp\htdocs\absensi-tefa\system\Commands\Server\rewrite.php(47): require_once('C:\\xampp\\htdocs...')
#16 {main}

Next CodeIgniter\Database\Exceptions\DatabaseException: Unknown database 'absensi_tefa' in C:\xampp\htdocs\absensi-tefa\system\Database\MySQLi\Connection.php:229
Stack trace:
#0 C:\xampp\htdocs\absensi-tefa\system\Database\BaseConnection.php(392): CodeIgniter\Database\MySQLi\Connection->connect(false)
#1 C:\xampp\htdocs\absensi-tefa\system\Database\BaseConnection.php(575): CodeIgniter\Database\BaseConnection->initialize()
#2 C:\xampp\htdocs\absensi-tefa\system\Database\BaseBuilder.php(1616): CodeIgniter\Database\BaseConnection->query('SELECT *\nFROM `...', Array, false)
#3 C:\xampp\htdocs\absensi-tefa\system\Model.php(242): CodeIgniter\Database\BaseBuilder->get()
#4 C:\xampp\htdocs\absensi-tefa\system\BaseModel.php(638): CodeIgniter\Model->doFindAll(0, 0)
#5 C:\xampp\htdocs\absensi-tefa\app\Views\form_kehadiran.php(22): CodeIgniter\BaseModel->findAll()
#6 C:\xampp\htdocs\absensi-tefa\system\View\View.php(228): include('C:\\xampp\\htdocs...')
#7 C:\xampp\htdocs\absensi-tefa\system\View\View.php(231): CodeIgniter\View\View->CodeIgniter\View\{closure}()
#8 C:\xampp\htdocs\absensi-tefa\system\Common.php(1178): CodeIgniter\View\View->render('form_kehadiran', Array, true)
#9 C:\xampp\htdocs\absensi-tefa\app\Controllers\RoutesController.php(12): view('form_kehadiran')
#10 C:\xampp\htdocs\absensi-tefa\system\CodeIgniter.php(941): App\Controllers\RoutesController->form_kehadiran()
#11 C:\xampp\htdocs\absensi-tefa\system\CodeIgniter.php(502): CodeIgniter\CodeIgniter->runController(Object(App\Controllers\RoutesController))
#12 C:\xampp\htdocs\absensi-tefa\system\CodeIgniter.php(361): CodeIgniter\CodeIgniter->handleRequest(NULL, Object(Config\Cache), false)
#13 C:\xampp\htdocs\absensi-tefa\public\index.php(79): CodeIgniter\CodeIgniter->run()
#14 C:\xampp\htdocs\absensi-tefa\system\Commands\Server\rewrite.php(47): require_once('C:\\xampp\\htdocs...')
#15 {main}
CRITICAL - 2024-03-28 15:19:50 --> CodeIgniter\Database\Exceptions\DatabaseException: Unable to connect to the database.
Main connection [MySQLi]: Unknown database 'absensi_tefa'
in SYSTEMPATH\Database\BaseConnection.php on line 428.
 1 SYSTEMPATH\Database\BaseConnection.php(575): CodeIgniter\Database\BaseConnection->initialize()
 2 SYSTEMPATH\Database\BaseBuilder.php(1616): CodeIgniter\Database\BaseConnection->query('SELECT *
FROM `mahasiswa`', [], false)
 3 SYSTEMPATH\Model.php(242): CodeIgniter\Database\BaseBuilder->get()
 4 SYSTEMPATH\BaseModel.php(638): CodeIgniter\Model->doFindAll(0, 0)
 5 APPPATH\Views\form_kehadiran.php(22): CodeIgniter\BaseModel->findAll()
 6 SYSTEMPATH\View\View.php(228): include('C:\\xampp\\htdocs\\absensi-tefa\\app\\Views\\form_kehadiran.php')
 7 SYSTEMPATH\View\View.php(231): CodeIgniter\View\View->CodeIgniter\View\{closure}()
 8 SYSTEMPATH\Common.php(1178): CodeIgniter\View\View->render('form_kehadiran', [], true)
 9 APPPATH\Controllers\RoutesController.php(12): view('form_kehadiran')
10 SYSTEMPATH\CodeIgniter.php(941): App\Controllers\RoutesController->form_kehadiran()
11 SYSTEMPATH\CodeIgniter.php(502): CodeIgniter\CodeIgniter->runController(Object(App\Controllers\RoutesController))
12 SYSTEMPATH\CodeIgniter.php(361): CodeIgniter\CodeIgniter->handleRequest(null, Object(Config\Cache), false)
13 FCPATH\index.php(79): CodeIgniter\CodeIgniter->run()
14 SYSTEMPATH\Commands\Server\rewrite.php(47): require_once('C:\\xampp\\htdocs\\absensi-tefa\\public\\index.php')
ERROR - 2024-03-28 15:20:06 --> mysqli_sql_exception: Table 'absensi_tefa.mahasiswa' doesn't exist in C:\xampp\htdocs\absensi-tefa\system\Database\MySQLi\Connection.php:306
Stack trace:
#0 C:\xampp\htdocs\absensi-tefa\system\Database\MySQLi\Connection.php(306): mysqli->query('SELECT *\nFROM `...', 0)
#1 C:\xampp\htdocs\absensi-tefa\system\Database\BaseConnection.php(693): CodeIgniter\Database\MySQLi\Connection->execute('SELECT *\nFROM `...')
#2 C:\xampp\htdocs\absensi-tefa\system\Database\BaseConnection.php(607): CodeIgniter\Database\BaseConnection->simpleQuery('SELECT *\nFROM `...')
#3 C:\xampp\htdocs\absensi-tefa\system\Database\BaseBuilder.php(1616): CodeIgniter\Database\BaseConnection->query('SELECT *\nFROM `...', Array, false)
#4 C:\xampp\htdocs\absensi-tefa\system\Model.php(242): CodeIgniter\Database\BaseBuilder->get()
#5 C:\xampp\htdocs\absensi-tefa\system\BaseModel.php(638): CodeIgniter\Model->doFindAll(0, 0)
#6 C:\xampp\htdocs\absensi-tefa\app\Views\form_kehadiran.php(22): CodeIgniter\BaseModel->findAll()
#7 C:\xampp\htdocs\absensi-tefa\system\View\View.php(228): include('C:\\xampp\\htdocs...')
#8 C:\xampp\htdocs\absensi-tefa\system\View\View.php(231): CodeIgniter\View\View->CodeIgniter\View\{closure}()
#9 C:\xampp\htdocs\absensi-tefa\system\Common.php(1178): CodeIgniter\View\View->render('form_kehadiran', Array, true)
#10 C:\xampp\htdocs\absensi-tefa\app\Controllers\RoutesController.php(12): view('form_kehadiran')
#11 C:\xampp\htdocs\absensi-tefa\system\CodeIgniter.php(941): App\Controllers\RoutesController->form_kehadiran()
#12 C:\xampp\htdocs\absensi-tefa\system\CodeIgniter.php(502): CodeIgniter\CodeIgniter->runController(Object(App\Controllers\RoutesController))
#13 C:\xampp\htdocs\absensi-tefa\system\CodeIgniter.php(361): CodeIgniter\CodeIgniter->handleRequest(NULL, Object(Config\Cache), false)
#14 C:\xampp\htdocs\absensi-tefa\public\index.php(79): CodeIgniter\CodeIgniter->run()
#15 C:\xampp\htdocs\absensi-tefa\system\Commands\Server\rewrite.php(47): require_once('C:\\xampp\\htdocs...')
#16 {main}
CRITICAL - 2024-03-28 15:20:06 --> CodeIgniter\Database\Exceptions\DatabaseException: Table 'absensi_tefa.mahasiswa' doesn't exist
in SYSTEMPATH\Database\BaseConnection.php on line 647.
 1 SYSTEMPATH\Database\BaseBuilder.php(1616): CodeIgniter\Database\BaseConnection->query('SELECT *
FROM `mahasiswa`', [], false)
 2 SYSTEMPATH\Model.php(242): CodeIgniter\Database\BaseBuilder->get()
 3 SYSTEMPATH\BaseModel.php(638): CodeIgniter\Model->doFindAll(0, 0)
 4 APPPATH\Views\form_kehadiran.php(22): CodeIgniter\BaseModel->findAll()
 5 SYSTEMPATH\View\View.php(228): include('C:\\xampp\\htdocs\\absensi-tefa\\app\\Views\\form_kehadiran.php')
 6 SYSTEMPATH\View\View.php(231): CodeIgniter\View\View->CodeIgniter\View\{closure}()
 7 SYSTEMPATH\Common.php(1178): CodeIgniter\View\View->render('form_kehadiran', [], true)
 8 APPPATH\Controllers\RoutesController.php(12): view('form_kehadiran')
 9 SYSTEMPATH\CodeIgniter.php(941): App\Controllers\RoutesController->form_kehadiran()
10 SYSTEMPATH\CodeIgniter.php(502): CodeIgniter\CodeIgniter->runController(Object(App\Controllers\RoutesController))
11 SYSTEMPATH\CodeIgniter.php(361): CodeIgniter\CodeIgniter->handleRequest(null, Object(Config\Cache), false)
12 FCPATH\index.php(79): CodeIgniter\CodeIgniter->run()
13 SYSTEMPATH\Commands\Server\rewrite.php(47): require_once('C:\\xampp\\htdocs\\absensi-tefa\\public\\index.php')
CRITICAL - 2024-03-28 15:20:06 --> [Caused by] CodeIgniter\Database\Exceptions\DatabaseException: Table 'absensi_tefa.mahasiswa' doesn't exist
in SYSTEMPATH\Database\MySQLi\Connection.php on line 311.
 1 SYSTEMPATH\Database\BaseConnection.php(693): CodeIgniter\Database\MySQLi\Connection->execute('SELECT *
FROM `mahasiswa`')
 2 SYSTEMPATH\Database\BaseConnection.php(607): CodeIgniter\Database\BaseConnection->simpleQuery('SELECT *
FROM `mahasiswa`')
 3 SYSTEMPATH\Database\BaseBuilder.php(1616): CodeIgniter\Database\BaseConnection->query('SELECT *
FROM `mahasiswa`', [], false)
 4 SYSTEMPATH\Model.php(242): CodeIgniter\Database\BaseBuilder->get()
 5 SYSTEMPATH\BaseModel.php(638): CodeIgniter\Model->doFindAll(0, 0)
 6 APPPATH\Views\form_kehadiran.php(22): CodeIgniter\BaseModel->findAll()
 7 SYSTEMPATH\View\View.php(228): include('C:\\xampp\\htdocs\\absensi-tefa\\app\\Views\\form_kehadiran.php')
 8 SYSTEMPATH\View\View.php(231): CodeIgniter\View\View->CodeIgniter\View\{closure}()
 9 SYSTEMPATH\Common.php(1178): CodeIgniter\View\View->render('form_kehadiran', [], true)
10 APPPATH\Controllers\RoutesController.php(12): view('form_kehadiran')
11 SYSTEMPATH\CodeIgniter.php(941): App\Controllers\RoutesController->form_kehadiran()
12 SYSTEMPATH\CodeIgniter.php(502): CodeIgniter\CodeIgniter->runController(Object(App\Controllers\RoutesController))
13 SYSTEMPATH\CodeIgniter.php(361): CodeIgniter\CodeIgniter->handleRequest(null, Object(Config\Cache), false)
14 FCPATH\index.php(79): CodeIgniter\CodeIgniter->run()
15 SYSTEMPATH\Commands\Server\rewrite.php(47): require_once('C:\\xampp\\htdocs\\absensi-tefa\\public\\index.php')
CRITICAL - 2024-03-28 15:20:06 --> [Caused by] mysqli_sql_exception: Table 'absensi_tefa.mahasiswa' doesn't exist
in SYSTEMPATH\Database\MySQLi\Connection.php on line 306.
 1 SYSTEMPATH\Database\MySQLi\Connection.php(306): mysqli->query('SELECT *
FROM `mahasiswa`', 0)
 2 SYSTEMPATH\Database\BaseConnection.php(693): CodeIgniter\Database\MySQLi\Connection->execute('SELECT *
FROM `mahasiswa`')
 3 SYSTEMPATH\Database\BaseConnection.php(607): CodeIgniter\Database\BaseConnection->simpleQuery('SELECT *
FROM `mahasiswa`')
 4 SYSTEMPATH\Database\BaseBuilder.php(1616): CodeIgniter\Database\BaseConnection->query('SELECT *
FROM `mahasiswa`', [], false)
 5 SYSTEMPATH\Model.php(242): CodeIgniter\Database\BaseBuilder->get()
 6 SYSTEMPATH\BaseModel.php(638): CodeIgniter\Model->doFindAll(0, 0)
 7 APPPATH\Views\form_kehadiran.php(22): CodeIgniter\BaseModel->findAll()
 8 SYSTEMPATH\View\View.php(228): include('C:\\xampp\\htdocs\\absensi-tefa\\app\\Views\\form_kehadiran.php')
 9 SYSTEMPATH\View\View.php(231): CodeIgniter\View\View->CodeIgniter\View\{closure}()
10 SYSTEMPATH\Common.php(1178): CodeIgniter\View\View->render('form_kehadiran', [], true)
11 APPPATH\Controllers\RoutesController.php(12): view('form_kehadiran')
12 SYSTEMPATH\CodeIgniter.php(941): App\Controllers\RoutesController->form_kehadiran()
13 SYSTEMPATH\CodeIgniter.php(502): CodeIgniter\CodeIgniter->runController(Object(App\Controllers\RoutesController))
14 SYSTEMPATH\CodeIgniter.php(361): CodeIgniter\CodeIgniter->handleRequest(null, Object(Config\Cache), false)
15 FCPATH\index.php(79): CodeIgniter\CodeIgniter->run()
16 SYSTEMPATH\Commands\Server\rewrite.php(47): require_once('C:\\xampp\\htdocs\\absensi-tefa\\public\\index.php')
ERROR - 2024-03-28 22:42:18 --> Error connecting to the database: mysqli_sql_exception: No connection could be made because the target machine actively refused it in C:\xampp\htdocs\absensi-tefa\system\Database\MySQLi\Connection.php:184
Stack trace:
#0 C:\xampp\htdocs\absensi-tefa\system\Database\MySQLi\Connection.php(184): mysqli->real_connect('localhost', 'root', Object(SensitiveParameterValue), 'absensi_tefa', 3306, '', 0)
#1 C:\xampp\htdocs\absensi-tefa\system\Database\BaseConnection.php(392): CodeIgniter\Database\MySQLi\Connection->connect(false)
#2 C:\xampp\htdocs\absensi-tefa\system\Database\BaseConnection.php(575): CodeIgniter\Database\BaseConnection->initialize()
#3 C:\xampp\htdocs\absensi-tefa\system\Database\BaseBuilder.php(1616): CodeIgniter\Database\BaseConnection->query('SELECT *\nFROM `...', Array, false)
#4 C:\xampp\htdocs\absensi-tefa\system\Model.php(242): CodeIgniter\Database\BaseBuilder->get()
#5 C:\xampp\htdocs\absensi-tefa\system\BaseModel.php(638): CodeIgniter\Model->doFindAll(0, 0)
#6 C:\xampp\htdocs\absensi-tefa\app\Views\form_kehadiran.php(23): CodeIgniter\BaseModel->findAll()
#7 C:\xampp\htdocs\absensi-tefa\system\View\View.php(228): include('C:\\xampp\\htdocs...')
#8 C:\xampp\htdocs\absensi-tefa\system\View\View.php(231): CodeIgniter\View\View->CodeIgniter\View\{closure}()
#9 C:\xampp\htdocs\absensi-tefa\system\Common.php(1178): CodeIgniter\View\View->render('form_kehadiran', Array, true)
#10 C:\xampp\htdocs\absensi-tefa\app\Controllers\RoutesController.php(12): view('form_kehadiran')
#11 C:\xampp\htdocs\absensi-tefa\system\CodeIgniter.php(941): App\Controllers\RoutesController->form_kehadiran()
#12 C:\xampp\htdocs\absensi-tefa\system\CodeIgniter.php(502): CodeIgniter\CodeIgniter->runController(Object(App\Controllers\RoutesController))
#13 C:\xampp\htdocs\absensi-tefa\system\CodeIgniter.php(361): CodeIgniter\CodeIgniter->handleRequest(NULL, Object(Config\Cache), false)
#14 C:\xampp\htdocs\absensi-tefa\public\index.php(79): CodeIgniter\CodeIgniter->run()
#15 C:\xampp\htdocs\absensi-tefa\system\Commands\Server\rewrite.php(47): require_once('C:\\xampp\\htdocs...')
#16 {main}

Next CodeIgniter\Database\Exceptions\DatabaseException: No connection could be made because the target machine actively refused it in C:\xampp\htdocs\absensi-tefa\system\Database\MySQLi\Connection.php:229
Stack trace:
#0 C:\xampp\htdocs\absensi-tefa\system\Database\BaseConnection.php(392): CodeIgniter\Database\MySQLi\Connection->connect(false)
#1 C:\xampp\htdocs\absensi-tefa\system\Database\BaseConnection.php(575): CodeIgniter\Database\BaseConnection->initialize()
#2 C:\xampp\htdocs\absensi-tefa\system\Database\BaseBuilder.php(1616): CodeIgniter\Database\BaseConnection->query('SELECT *\nFROM `...', Array, false)
#3 C:\xampp\htdocs\absensi-tefa\system\Model.php(242): CodeIgniter\Database\BaseBuilder->get()
#4 C:\xampp\htdocs\absensi-tefa\system\BaseModel.php(638): CodeIgniter\Model->doFindAll(0, 0)
#5 C:\xampp\htdocs\absensi-tefa\app\Views\form_kehadiran.php(23): CodeIgniter\BaseModel->findAll()
#6 C:\xampp\htdocs\absensi-tefa\system\View\View.php(228): include('C:\\xampp\\htdocs...')
#7 C:\xampp\htdocs\absensi-tefa\system\View\View.php(231): CodeIgniter\View\View->CodeIgniter\View\{closure}()
#8 C:\xampp\htdocs\absensi-tefa\system\Common.php(1178): CodeIgniter\View\View->render('form_kehadiran', Array, true)
#9 C:\xampp\htdocs\absensi-tefa\app\Controllers\RoutesController.php(12): view('form_kehadiran')
#10 C:\xampp\htdocs\absensi-tefa\system\CodeIgniter.php(941): App\Controllers\RoutesController->form_kehadiran()
#11 C:\xampp\htdocs\absensi-tefa\system\CodeIgniter.php(502): CodeIgniter\CodeIgniter->runController(Object(App\Controllers\RoutesController))
#12 C:\xampp\htdocs\absensi-tefa\system\CodeIgniter.php(361): CodeIgniter\CodeIgniter->handleRequest(NULL, Object(Config\Cache), false)
#13 C:\xampp\htdocs\absensi-tefa\public\index.php(79): CodeIgniter\CodeIgniter->run()
#14 C:\xampp\htdocs\absensi-tefa\system\Commands\Server\rewrite.php(47): require_once('C:\\xampp\\htdocs...')
#15 {main}
CRITICAL - 2024-03-28 22:42:18 --> CodeIgniter\Database\Exceptions\DatabaseException: Unable to connect to the database.
Main connection [MySQLi]: No connection could be made because the target machine actively refused it
in SYSTEMPATH\Database\BaseConnection.php on line 428.
 1 SYSTEMPATH\Database\BaseConnection.php(575): CodeIgniter\Database\BaseConnection->initialize()
 2 SYSTEMPATH\Database\BaseBuilder.php(1616): CodeIgniter\Database\BaseConnection->query('SELECT *
FROM `mahasiswa`', [], false)
 3 SYSTEMPATH\Model.php(242): CodeIgniter\Database\BaseBuilder->get()
 4 SYSTEMPATH\BaseModel.php(638): CodeIgniter\Model->doFindAll(0, 0)
 5 APPPATH\Views\form_kehadiran.php(23): CodeIgniter\BaseModel->findAll()
 6 SYSTEMPATH\View\View.php(228): include('C:\\xampp\\htdocs\\absensi-tefa\\app\\Views\\form_kehadiran.php')
 7 SYSTEMPATH\View\View.php(231): CodeIgniter\View\View->CodeIgniter\View\{closure}()
 8 SYSTEMPATH\Common.php(1178): CodeIgniter\View\View->render('form_kehadiran', [], true)
 9 APPPATH\Controllers\RoutesController.php(12): view('form_kehadiran')
10 SYSTEMPATH\CodeIgniter.php(941): App\Controllers\RoutesController->form_kehadiran()
11 SYSTEMPATH\CodeIgniter.php(502): CodeIgniter\CodeIgniter->runController(Object(App\Controllers\RoutesController))
12 SYSTEMPATH\CodeIgniter.php(361): CodeIgniter\CodeIgniter->handleRequest(null, Object(Config\Cache), false)
13 FCPATH\index.php(79): CodeIgniter\CodeIgniter->run()
14 SYSTEMPATH\Commands\Server\rewrite.php(47): require_once('C:\\xampp\\htdocs\\absensi-tefa\\public\\index.php')
ERROR - 2024-03-28 22:42:31 --> Error connecting to the database: mysqli_sql_exception: No connection could be made because the target machine actively refused it in C:\xampp\htdocs\absensi-tefa\system\Database\MySQLi\Connection.php:184
Stack trace:
#0 C:\xampp\htdocs\absensi-tefa\system\Database\MySQLi\Connection.php(184): mysqli->real_connect('localhost', 'root', Object(SensitiveParameterValue), 'absensi_tefa', 3306, '', 0)
#1 C:\xampp\htdocs\absensi-tefa\system\Database\BaseConnection.php(392): CodeIgniter\Database\MySQLi\Connection->connect(false)
#2 C:\xampp\htdocs\absensi-tefa\system\Database\BaseConnection.php(575): CodeIgniter\Database\BaseConnection->initialize()
#3 C:\xampp\htdocs\absensi-tefa\system\Database\BaseBuilder.php(1616): CodeIgniter\Database\BaseConnection->query('SELECT *\nFROM `...', Array, false)
#4 C:\xampp\htdocs\absensi-tefa\system\Model.php(242): CodeIgniter\Database\BaseBuilder->get()
#5 C:\xampp\htdocs\absensi-tefa\system\BaseModel.php(638): CodeIgniter\Model->doFindAll(0, 0)
#6 C:\xampp\htdocs\absensi-tefa\app\Views\form_kehadiran.php(23): CodeIgniter\BaseModel->findAll()
#7 C:\xampp\htdocs\absensi-tefa\system\View\View.php(228): include('C:\\xampp\\htdocs...')
#8 C:\xampp\htdocs\absensi-tefa\system\View\View.php(231): CodeIgniter\View\View->CodeIgniter\View\{closure}()
#9 C:\xampp\htdocs\absensi-tefa\system\Common.php(1178): CodeIgniter\View\View->render('form_kehadiran', Array, true)
#10 C:\xampp\htdocs\absensi-tefa\app\Controllers\RoutesController.php(12): view('form_kehadiran')
#11 C:\xampp\htdocs\absensi-tefa\system\CodeIgniter.php(941): App\Controllers\RoutesController->form_kehadiran()
#12 C:\xampp\htdocs\absensi-tefa\system\CodeIgniter.php(502): CodeIgniter\CodeIgniter->runController(Object(App\Controllers\RoutesController))
#13 C:\xampp\htdocs\absensi-tefa\system\CodeIgniter.php(361): CodeIgniter\CodeIgniter->handleRequest(NULL, Object(Config\Cache), false)
#14 C:\xampp\htdocs\absensi-tefa\public\index.php(79): CodeIgniter\CodeIgniter->run()
#15 C:\xampp\htdocs\absensi-tefa\system\Commands\Server\rewrite.php(47): require_once('C:\\xampp\\htdocs...')
#16 {main}

Next CodeIgniter\Database\Exceptions\DatabaseException: No connection could be made because the target machine actively refused it in C:\xampp\htdocs\absensi-tefa\system\Database\MySQLi\Connection.php:229
Stack trace:
#0 C:\xampp\htdocs\absensi-tefa\system\Database\BaseConnection.php(392): CodeIgniter\Database\MySQLi\Connection->connect(false)
#1 C:\xampp\htdocs\absensi-tefa\system\Database\BaseConnection.php(575): CodeIgniter\Database\BaseConnection->initialize()
#2 C:\xampp\htdocs\absensi-tefa\system\Database\BaseBuilder.php(1616): CodeIgniter\Database\BaseConnection->query('SELECT *\nFROM `...', Array, false)
#3 C:\xampp\htdocs\absensi-tefa\system\Model.php(242): CodeIgniter\Database\BaseBuilder->get()
#4 C:\xampp\htdocs\absensi-tefa\system\BaseModel.php(638): CodeIgniter\Model->doFindAll(0, 0)
#5 C:\xampp\htdocs\absensi-tefa\app\Views\form_kehadiran.php(23): CodeIgniter\BaseModel->findAll()
#6 C:\xampp\htdocs\absensi-tefa\system\View\View.php(228): include('C:\\xampp\\htdocs...')
#7 C:\xampp\htdocs\absensi-tefa\system\View\View.php(231): CodeIgniter\View\View->CodeIgniter\View\{closure}()
#8 C:\xampp\htdocs\absensi-tefa\system\Common.php(1178): CodeIgniter\View\View->render('form_kehadiran', Array, true)
#9 C:\xampp\htdocs\absensi-tefa\app\Controllers\RoutesController.php(12): view('form_kehadiran')
#10 C:\xampp\htdocs\absensi-tefa\system\CodeIgniter.php(941): App\Controllers\RoutesController->form_kehadiran()
#11 C:\xampp\htdocs\absensi-tefa\system\CodeIgniter.php(502): CodeIgniter\CodeIgniter->runController(Object(App\Controllers\RoutesController))
#12 C:\xampp\htdocs\absensi-tefa\system\CodeIgniter.php(361): CodeIgniter\CodeIgniter->handleRequest(NULL, Object(Config\Cache), false)
#13 C:\xampp\htdocs\absensi-tefa\public\index.php(79): CodeIgniter\CodeIgniter->run()
#14 C:\xampp\htdocs\absensi-tefa\system\Commands\Server\rewrite.php(47): require_once('C:\\xampp\\htdocs...')
#15 {main}
CRITICAL - 2024-03-28 22:42:31 --> CodeIgniter\Database\Exceptions\DatabaseException: Unable to connect to the database.
Main connection [MySQLi]: No connection could be made because the target machine actively refused it
in SYSTEMPATH\Database\BaseConnection.php on line 428.
 1 SYSTEMPATH\Database\BaseConnection.php(575): CodeIgniter\Database\BaseConnection->initialize()
 2 SYSTEMPATH\Database\BaseBuilder.php(1616): CodeIgniter\Database\BaseConnection->query('SELECT *
FROM `mahasiswa`', [], false)
 3 SYSTEMPATH\Model.php(242): CodeIgniter\Database\BaseBuilder->get()
 4 SYSTEMPATH\BaseModel.php(638): CodeIgniter\Model->doFindAll(0, 0)
 5 APPPATH\Views\form_kehadiran.php(23): CodeIgniter\BaseModel->findAll()
 6 SYSTEMPATH\View\View.php(228): include('C:\\xampp\\htdocs\\absensi-tefa\\app\\Views\\form_kehadiran.php')
 7 SYSTEMPATH\View\View.php(231): CodeIgniter\View\View->CodeIgniter\View\{closure}()
 8 SYSTEMPATH\Common.php(1178): CodeIgniter\View\View->render('form_kehadiran', [], true)
 9 APPPATH\Controllers\RoutesController.php(12): view('form_kehadiran')
10 SYSTEMPATH\CodeIgniter.php(941): App\Controllers\RoutesController->form_kehadiran()
11 SYSTEMPATH\CodeIgniter.php(502): CodeIgniter\CodeIgniter->runController(Object(App\Controllers\RoutesController))
12 SYSTEMPATH\CodeIgniter.php(361): CodeIgniter\CodeIgniter->handleRequest(null, Object(Config\Cache), false)
13 FCPATH\index.php(79): CodeIgniter\CodeIgniter->run()
14 SYSTEMPATH\Commands\Server\rewrite.php(47): require_once('C:\\xampp\\htdocs\\absensi-tefa\\public\\index.php')
CRITICAL - 2024-03-28 16:26:09 --> CodeIgniter\Exceptions\FrameworkException: The framework needs the following extension(s) installed and loaded: intl.
in SYSTEMPATH\CodeIgniter.php on line 252.
 1 SYSTEMPATH\CodeIgniter.php(252): CodeIgniter\Exceptions\FrameworkException::forMissingExtension('intl')
 2 SYSTEMPATH\CodeIgniter.php(214): CodeIgniter\CodeIgniter->resolvePlatformExtensions()
 3 ROOTPATH\spark(88): CodeIgniter\CodeIgniter->initialize()
CRITICAL - 2024-03-28 16:26:09 --> ErrorException: Uncaught Error: Class "Locale" not found in C:\xampp\htdocs\absensi-tefa\system\I18n\TimeTrait.php:74
Stack trace:
#0 C:\xampp\htdocs\absensi-tefa\system\I18n\TimeTrait.php(115): CodeIgniter\I18n\Time->__construct(NULL, NULL, NULL)
#1 C:\xampp\htdocs\absensi-tefa\system\HTTP\ResponseTrait.php(468): CodeIgniter\I18n\Time::now()
#2 C:\xampp\htdocs\absensi-tefa\system\HTTP\ResponseTrait.php(446): CodeIgniter\HTTP\Response->sendHeaders()
#3 C:\xampp\htdocs\absensi-tefa\system\Debug\ExceptionHandler.php(81): CodeIgniter\HTTP\Response->send()
#4 C:\xampp\htdocs\absensi-tefa\system\Debug\Exceptions.php(156): CodeIgniter\Debug\ExceptionHandler->handle(Object(CodeIgniter\Exceptions\FrameworkException), Object(CodeIgniter\HTTP\IncomingRequest), Object(CodeIgniter\HTTP\Response), 500, 1)
#5 [internal function]: CodeIgniter\Debug\Exceptions->exceptionHandler(Object(CodeIgniter\Exceptions\FrameworkException))
#6 {main}
  thrown
【Previous Exception】
CodeIgniter\Exceptions\FrameworkException
The framework needs the following extension(s) installed and loaded: intl.
#0 C:\xampp\htdocs\absensi-tefa\system\CodeIgniter.php(252): CodeIgniter\Exceptions\FrameworkException::forMissingExtension('intl')
#1 C:\xampp\htdocs\absensi-tefa\system\CodeIgniter.php(214): CodeIgniter\CodeIgniter->resolvePlatformExtensions()
#2 C:\xampp\htdocs\absensi-tefa\spark(88): CodeIgniter\CodeIgniter->initialize()
#3 {main}
in SYSTEMPATH\I18n\TimeTrait.php on line 74.
 1 [internal function]: CodeIgniter\Debug\Exceptions->shutdownHandler()
CRITICAL - 2024-03-28 16:26:16 --> CodeIgniter\Exceptions\FrameworkException: The framework needs the following extension(s) installed and loaded: intl.
in SYSTEMPATH\CodeIgniter.php on line 252.
 1 SYSTEMPATH\CodeIgniter.php(252): CodeIgniter\Exceptions\FrameworkException::forMissingExtension('intl')
 2 SYSTEMPATH\CodeIgniter.php(214): CodeIgniter\CodeIgniter->resolvePlatformExtensions()
 3 ROOTPATH\spark(88): CodeIgniter\CodeIgniter->initialize()
CRITICAL - 2024-03-28 16:26:16 --> ErrorException: Uncaught Error: Class "Locale" not found in C:\xampp\htdocs\absensi-tefa\system\I18n\TimeTrait.php:74
Stack trace:
#0 C:\xampp\htdocs\absensi-tefa\system\I18n\TimeTrait.php(115): CodeIgniter\I18n\Time->__construct(NULL, NULL, NULL)
#1 C:\xampp\htdocs\absensi-tefa\system\HTTP\ResponseTrait.php(468): CodeIgniter\I18n\Time::now()
#2 C:\xampp\htdocs\absensi-tefa\system\HTTP\ResponseTrait.php(446): CodeIgniter\HTTP\Response->sendHeaders()
#3 C:\xampp\htdocs\absensi-tefa\system\Debug\ExceptionHandler.php(81): CodeIgniter\HTTP\Response->send()
#4 C:\xampp\htdocs\absensi-tefa\system\Debug\Exceptions.php(156): CodeIgniter\Debug\ExceptionHandler->handle(Object(CodeIgniter\Exceptions\FrameworkException), Object(CodeIgniter\HTTP\IncomingRequest), Object(CodeIgniter\HTTP\Response), 500, 1)
#5 [internal function]: CodeIgniter\Debug\Exceptions->exceptionHandler(Object(CodeIgniter\Exceptions\FrameworkException))
#6 {main}
  thrown
【Previous Exception】
CodeIgniter\Exceptions\FrameworkException
The framework needs the following extension(s) installed and loaded: intl.
#0 C:\xampp\htdocs\absensi-tefa\system\CodeIgniter.php(252): CodeIgniter\Exceptions\FrameworkException::forMissingExtension('intl')
#1 C:\xampp\htdocs\absensi-tefa\system\CodeIgniter.php(214): CodeIgniter\CodeIgniter->resolvePlatformExtensions()
#2 C:\xampp\htdocs\absensi-tefa\spark(88): CodeIgniter\CodeIgniter->initialize()
#3 {main}
in SYSTEMPATH\I18n\TimeTrait.php on line 74.
 1 [internal function]: CodeIgniter\Debug\Exceptions->shutdownHandler()
CRITICAL - 2024-03-28 16:26:51 --> CodeIgniter\Exceptions\FrameworkException: The framework needs the following extension(s) installed and loaded: intl.
in SYSTEMPATH\CodeIgniter.php on line 252.
 1 SYSTEMPATH\CodeIgniter.php(252): CodeIgniter\Exceptions\FrameworkException::forMissingExtension('intl')
 2 SYSTEMPATH\CodeIgniter.php(214): CodeIgniter\CodeIgniter->resolvePlatformExtensions()
 3 ROOTPATH\spark(88): CodeIgniter\CodeIgniter->initialize()
CRITICAL - 2024-03-28 16:26:51 --> ErrorException: Uncaught Error: Class "Locale" not found in C:\xampp\htdocs\absensi-tefa\system\I18n\TimeTrait.php:74
Stack trace:
#0 C:\xampp\htdocs\absensi-tefa\system\I18n\TimeTrait.php(115): CodeIgniter\I18n\Time->__construct(NULL, NULL, NULL)
#1 C:\xampp\htdocs\absensi-tefa\system\HTTP\ResponseTrait.php(468): CodeIgniter\I18n\Time::now()
#2 C:\xampp\htdocs\absensi-tefa\system\HTTP\ResponseTrait.php(446): CodeIgniter\HTTP\Response->sendHeaders()
#3 C:\xampp\htdocs\absensi-tefa\system\Debug\ExceptionHandler.php(81): CodeIgniter\HTTP\Response->send()
#4 C:\xampp\htdocs\absensi-tefa\system\Debug\Exceptions.php(156): CodeIgniter\Debug\ExceptionHandler->handle(Object(CodeIgniter\Exceptions\FrameworkException), Object(CodeIgniter\HTTP\IncomingRequest), Object(CodeIgniter\HTTP\Response), 500, 1)
#5 [internal function]: CodeIgniter\Debug\Exceptions->exceptionHandler(Object(CodeIgniter\Exceptions\FrameworkException))
#6 {main}
  thrown
【Previous Exception】
CodeIgniter\Exceptions\FrameworkException
The framework needs the following extension(s) installed and loaded: intl.
#0 C:\xampp\htdocs\absensi-tefa\system\CodeIgniter.php(252): CodeIgniter\Exceptions\FrameworkException::forMissingExtension('intl')
#1 C:\xampp\htdocs\absensi-tefa\system\CodeIgniter.php(214): CodeIgniter\CodeIgniter->resolvePlatformExtensions()
#2 C:\xampp\htdocs\absensi-tefa\spark(88): CodeIgniter\CodeIgniter->initialize()
#3 {main}
in SYSTEMPATH\I18n\TimeTrait.php on line 74.
 1 [internal function]: CodeIgniter\Debug\Exceptions->shutdownHandler()
INFO - 2024-03-28 23:32:07 --> Session: Class initialized using 'CodeIgniter\Session\Handlers\FileHandler' driver.
INFO - 2024-03-28 23:32:12 --> Session: Class initialized using 'CodeIgniter\Session\Handlers\FileHandler' driver.
INFO - 2024-03-28 23:32:12 --> Session: Class initialized using 'CodeIgniter\Session\Handlers\FileHandler' driver.
INFO - 2024-03-28 23:32:16 --> Session: Class initialized using 'CodeIgniter\Session\Handlers\FileHandler' driver.
INFO - 2024-03-28 23:32:16 --> Session: Class initialized using 'CodeIgniter\Session\Handlers\FileHandler' driver.
INFO - 2024-03-28 23:32:20 --> Session: Class initialized using 'CodeIgniter\Session\Handlers\FileHandler' driver.
INFO - 2024-03-28 23:32:20 --> Session: Class initialized using 'CodeIgniter\Session\Handlers\FileHandler' driver.
CRITICAL - 2024-03-28 23:35:51 --> BadMethodCallException: Call to undefined method App\Models\Mahasiswa::getResult
in SYSTEMPATH\Model.php on line 874.
 1 APPPATH\Controllers\Controllers.php(36): CodeIgniter\Model->__call('getResult', [])
 2 SYSTEMPATH\CodeIgniter.php(941): App\Controllers\Controllers->kehadiranAction()
 3 SYSTEMPATH\CodeIgniter.php(502): CodeIgniter\CodeIgniter->runController(Object(App\Controllers\Controllers))
 4 SYSTEMPATH\CodeIgniter.php(361): CodeIgniter\CodeIgniter->handleRequest(null, Object(Config\Cache), false)
 5 FCPATH\index.php(79): CodeIgniter\CodeIgniter->run()
 6 SYSTEMPATH\Commands\Server\rewrite.php(47): require_once('C:\\xampp\\htdocs\\absensi-tefa\\public\\index.php')
CRITICAL - 2024-03-28 23:37:07 --> ErrorException: Array to string conversion
in APPPATH\Controllers\Controllers.php on line 37.
 1 APPPATH\Controllers\Controllers.php(37): CodeIgniter\Debug\Exceptions->errorHandler(2, 'Array to string conversion', 'C:\\xampp\\htdocs\\absensi-tefa\\app\\Controllers\\Controllers.php', 37)
 2 SYSTEMPATH\CodeIgniter.php(941): App\Controllers\Controllers->kehadiranAction()
 3 SYSTEMPATH\CodeIgniter.php(502): CodeIgniter\CodeIgniter->runController(Object(App\Controllers\Controllers))
 4 SYSTEMPATH\CodeIgniter.php(361): CodeIgniter\CodeIgniter->handleRequest(null, Object(Config\Cache), false)
 5 FCPATH\index.php(79): CodeIgniter\CodeIgniter->run()
 6 SYSTEMPATH\Commands\Server\rewrite.php(47): require_once('C:\\xampp\\htdocs\\absensi-tefa\\public\\index.php')
CRITICAL - 2024-03-28 23:37:30 --> ErrorException: Undefined array key "idmhs"
in APPPATH\Controllers\Controllers.php on line 37.
 1 APPPATH\Controllers\Controllers.php(37): CodeIgniter\Debug\Exceptions->errorHandler(2, 'Undefined array key "idmhs"', 'C:\\xampp\\htdocs\\absensi-tefa\\app\\Controllers\\Controllers.php', 37)
 2 SYSTEMPATH\CodeIgniter.php(941): App\Controllers\Controllers->kehadiranAction()
 3 SYSTEMPATH\CodeIgniter.php(502): CodeIgniter\CodeIgniter->runController(Object(App\Controllers\Controllers))
 4 SYSTEMPATH\CodeIgniter.php(361): CodeIgniter\CodeIgniter->handleRequest(null, Object(Config\Cache), false)
 5 FCPATH\index.php(79): CodeIgniter\CodeIgniter->run()
 6 SYSTEMPATH\Commands\Server\rewrite.php(47): require_once('C:\\xampp\\htdocs\\absensi-tefa\\public\\index.php')
CRITICAL - 2024-03-28 23:38:08 --> ErrorException: Undefined array key "idmhs"
in APPPATH\Controllers\Controllers.php on line 37.
 1 APPPATH\Controllers\Controllers.php(37): CodeIgniter\Debug\Exceptions->errorHandler(2, 'Undefined array key "idmhs"', 'C:\\xampp\\htdocs\\absensi-tefa\\app\\Controllers\\Controllers.php', 37)
 2 SYSTEMPATH\CodeIgniter.php(941): App\Controllers\Controllers->kehadiranAction()
 3 SYSTEMPATH\CodeIgniter.php(502): CodeIgniter\CodeIgniter->runController(Object(App\Controllers\Controllers))
 4 SYSTEMPATH\CodeIgniter.php(361): CodeIgniter\CodeIgniter->handleRequest(null, Object(Config\Cache), false)
 5 FCPATH\index.php(79): CodeIgniter\CodeIgniter->run()
 6 SYSTEMPATH\Commands\Server\rewrite.php(47): require_once('C:\\xampp\\htdocs\\absensi-tefa\\public\\index.php')
CRITICAL - 2024-03-28 23:40:52 --> Error: Call to undefined method CodeIgniter\Database\MySQLi\Result::getArray()
in APPPATH\Controllers\Controllers.php on line 36.
 1 SYSTEMPATH\CodeIgniter.php(941): App\Controllers\Controllers->kehadiranAction()
 2 SYSTEMPATH\CodeIgniter.php(502): CodeIgniter\CodeIgniter->runController(Object(App\Controllers\Controllers))
 3 SYSTEMPATH\CodeIgniter.php(361): CodeIgniter\CodeIgniter->handleRequest(null, Object(Config\Cache), false)
 4 FCPATH\index.php(79): CodeIgniter\CodeIgniter->run()
 5 SYSTEMPATH\Commands\Server\rewrite.php(47): require_once('C:\\xampp\\htdocs\\absensi-tefa\\public\\index.php')
INFO - 2024-03-28 23:41:37 --> Session: Class initialized using 'CodeIgniter\Session\Handlers\FileHandler' driver.
CRITICAL - 2024-03-28 23:45:11 --> Error: Class "app\Models\Kehadiran" not found
in APPPATH\Views\operator\dashboard.php on line 27.
 1 SYSTEMPATH\View\View.php(228): include()
 2 SYSTEMPATH\View\View.php(231): CodeIgniter\View\View->CodeIgniter\View\{closure}()
 3 SYSTEMPATH\Common.php(1178): CodeIgniter\View\View->render('operator/dashboard', [], true)
 4 APPPATH\Controllers\RoutesController.php(20): view('operator/dashboard')
 5 SYSTEMPATH\CodeIgniter.php(941): App\Controllers\RoutesController->dashboard()
 6 SYSTEMPATH\CodeIgniter.php(502): CodeIgniter\CodeIgniter->runController(Object(App\Controllers\RoutesController))
 7 SYSTEMPATH\CodeIgniter.php(361): CodeIgniter\CodeIgniter->handleRequest(null, Object(Config\Cache), false)
 8 FCPATH\index.php(79): CodeIgniter\CodeIgniter->run()
 9 SYSTEMPATH\Commands\Server\rewrite.php(47): require_once('C:\\xampp\\htdocs\\absensi-tefa\\public\\index.php')
CRITICAL - 2024-03-28 23:46:30 --> Error: Class "app\Models\Kehadiran" not found
in APPPATH\Views\operator\dashboard.php on line 27.
 1 SYSTEMPATH\View\View.php(228): include()
 2 SYSTEMPATH\View\View.php(231): CodeIgniter\View\View->CodeIgniter\View\{closure}()
 3 SYSTEMPATH\Common.php(1178): CodeIgniter\View\View->render('operator/dashboard', [], true)
 4 APPPATH\Controllers\RoutesController.php(20): view('operator/dashboard')
 5 SYSTEMPATH\CodeIgniter.php(941): App\Controllers\RoutesController->dashboard()
 6 SYSTEMPATH\CodeIgniter.php(502): CodeIgniter\CodeIgniter->runController(Object(App\Controllers\RoutesController))
 7 SYSTEMPATH\CodeIgniter.php(361): CodeIgniter\CodeIgniter->handleRequest(null, Object(Config\Cache), false)
 8 FCPATH\index.php(79): CodeIgniter\CodeIgniter->run()
 9 SYSTEMPATH\Commands\Server\rewrite.php(47): require_once('C:\\xampp\\htdocs\\absensi-tefa\\public\\index.php')
CRITICAL - 2024-03-28 23:46:43 --> Error: Class "app\Models\Mahasiswa" not found
in APPPATH\Views\operator\dashboard.php on line 27.
 1 SYSTEMPATH\View\View.php(228): include()
 2 SYSTEMPATH\View\View.php(231): CodeIgniter\View\View->CodeIgniter\View\{closure}()
 3 SYSTEMPATH\Common.php(1178): CodeIgniter\View\View->render('operator/dashboard', [], true)
 4 APPPATH\Controllers\RoutesController.php(20): view('operator/dashboard')
 5 SYSTEMPATH\CodeIgniter.php(941): App\Controllers\RoutesController->dashboard()
 6 SYSTEMPATH\CodeIgniter.php(502): CodeIgniter\CodeIgniter->runController(Object(App\Controllers\RoutesController))
 7 SYSTEMPATH\CodeIgniter.php(361): CodeIgniter\CodeIgniter->handleRequest(null, Object(Config\Cache), false)
 8 FCPATH\index.php(79): CodeIgniter\CodeIgniter->run()
 9 SYSTEMPATH\Commands\Server\rewrite.php(47): require_once('C:\\xampp\\htdocs\\absensi-tefa\\public\\index.php')
CRITICAL - 2024-03-28 23:47:12 --> Error: Class "Mahasiswa" not found
in APPPATH\Views\operator\dashboard.php on line 28.
 1 SYSTEMPATH\View\View.php(228): include()
 2 SYSTEMPATH\View\View.php(231): CodeIgniter\View\View->CodeIgniter\View\{closure}()
 3 SYSTEMPATH\Common.php(1178): CodeIgniter\View\View->render('operator/dashboard', [], true)
 4 APPPATH\Controllers\RoutesController.php(20): view('operator/dashboard')
 5 SYSTEMPATH\CodeIgniter.php(941): App\Controllers\RoutesController->dashboard()
 6 SYSTEMPATH\CodeIgniter.php(502): CodeIgniter\CodeIgniter->runController(Object(App\Controllers\RoutesController))
 7 SYSTEMPATH\CodeIgniter.php(361): CodeIgniter\CodeIgniter->handleRequest(null, Object(Config\Cache), false)
 8 FCPATH\index.php(79): CodeIgniter\CodeIgniter->run()
 9 SYSTEMPATH\Commands\Server\rewrite.php(47): require_once('C:\\xampp\\htdocs\\absensi-tefa\\public\\index.php')
CRITICAL - 2024-03-28 23:47:20 --> ErrorException: Undefined variable $i
in APPPATH\Views\operator\dashboard.php on line 33.
 1 APPPATH\Views\operator\dashboard.php(33): CodeIgniter\Debug\Exceptions->errorHandler(2, 'Undefined variable $i', 'C:\\xampp\\htdocs\\absensi-tefa\\app\\Views\\operator\\dashboard.php', 33)
 2 SYSTEMPATH\View\View.php(228): include('C:\\xampp\\htdocs\\absensi-tefa\\app\\Views\\operator\\dashboard.php')
 3 SYSTEMPATH\View\View.php(231): CodeIgniter\View\View->CodeIgniter\View\{closure}()
 4 SYSTEMPATH\Common.php(1178): CodeIgniter\View\View->render('operator/dashboard', [], true)
 5 APPPATH\Controllers\RoutesController.php(20): view('operator/dashboard')
 6 SYSTEMPATH\CodeIgniter.php(941): App\Controllers\RoutesController->dashboard()
 7 SYSTEMPATH\CodeIgniter.php(502): CodeIgniter\CodeIgniter->runController(Object(App\Controllers\RoutesController))
 8 SYSTEMPATH\CodeIgniter.php(361): CodeIgniter\CodeIgniter->handleRequest(null, Object(Config\Cache), false)
 9 FCPATH\index.php(79): CodeIgniter\CodeIgniter->run()
10 SYSTEMPATH\Commands\Server\rewrite.php(47): require_once('C:\\xampp\\htdocs\\absensi-tefa\\public\\index.php')
INFO - 2024-03-28 23:47:36 --> Session: Class initialized using 'CodeIgniter\Session\Handlers\FileHandler' driver.
INFO - 2024-03-28 23:54:14 --> Session: Class initialized using 'CodeIgniter\Session\Handlers\FileHandler' driver.
INFO - 2024-03-28 23:54:16 --> Session: Class initialized using 'CodeIgniter\Session\Handlers\FileHandler' driver.
INFO - 2024-03-28 23:54:16 --> Session: Class initialized using 'CodeIgniter\Session\Handlers\FileHandler' driver.
INFO - 2024-03-28 23:54:49 --> Session: Class initialized using 'CodeIgniter\Session\Handlers\FileHandler' driver.
INFO - 2024-03-28 23:54:52 --> Session: Class initialized using 'CodeIgniter\Session\Handlers\FileHandler' driver.
INFO - 2024-03-28 23:54:52 --> Session: Class initialized using 'CodeIgniter\Session\Handlers\FileHandler' driver.
INFO - 2024-03-28 23:55:14 --> Session: Class initialized using 'CodeIgniter\Session\Handlers\FileHandler' driver.
INFO - 2024-03-28 23:55:21 --> Session: Class initialized using 'CodeIgniter\Session\Handlers\FileHandler' driver.
INFO - 2024-03-28 23:55:32 --> Session: Class initialized using 'CodeIgniter\Session\Handlers\FileHandler' driver.
INFO - 2024-03-28 23:55:42 --> Session: Class initialized using 'CodeIgniter\Session\Handlers\FileHandler' driver.
INFO - 2024-03-28 23:55:42 --> Session: Class initialized using 'CodeIgniter\Session\Handlers\FileHandler' driver.
INFO - 2024-03-28 23:55:49 --> Session: Class initialized using 'CodeIgniter\Session\Handlers\FileHandler' driver.
INFO - 2024-03-28 23:55:50 --> Session: Class initialized using 'CodeIgniter\Session\Handlers\FileHandler' driver.
INFO - 2024-03-28 23:55:50 --> Session: Class initialized using 'CodeIgniter\Session\Handlers\FileHandler' driver.
INFO - 2024-03-28 23:55:57 --> Session: Class initialized using 'CodeIgniter\Session\Handlers\FileHandler' driver.
INFO - 2024-03-28 23:56:03 --> Session: Class initialized using 'CodeIgniter\Session\Handlers\FileHandler' driver.
INFO - 2024-03-28 23:56:29 --> Session: Class initialized using 'CodeIgniter\Session\Handlers\FileHandler' driver.
INFO - 2024-03-28 23:56:31 --> Session: Class initialized using 'CodeIgniter\Session\Handlers\FileHandler' driver.
INFO - 2024-03-28 23:56:31 --> Session: Class initialized using 'CodeIgniter\Session\Handlers\FileHandler' driver.
INFO - 2024-03-28 23:56:47 --> Session: Class initialized using 'CodeIgniter\Session\Handlers\FileHandler' driver.
INFO - 2024-03-28 23:56:48 --> Session: Class initialized using 'CodeIgniter\Session\Handlers\FileHandler' driver.
INFO - 2024-03-28 23:56:48 --> Session: Class initialized using 'CodeIgniter\Session\Handlers\FileHandler' driver.
INFO - 2024-03-28 23:56:57 --> Session: Class initialized using 'CodeIgniter\Session\Handlers\FileHandler' driver.
INFO - 2024-03-28 23:57:00 --> Session: Class initialized using 'CodeIgniter\Session\Handlers\FileHandler' driver.
INFO - 2024-03-28 23:57:00 --> Session: Class initialized using 'CodeIgniter\Session\Handlers\FileHandler' driver.
INFO - 2024-03-28 23:57:08 --> Session: Class initialized using 'CodeIgniter\Session\Handlers\FileHandler' driver.
INFO - 2024-03-28 23:57:10 --> Session: Class initialized using 'CodeIgniter\Session\Handlers\FileHandler' driver.
INFO - 2024-03-28 23:57:10 --> Session: Class initialized using 'CodeIgniter\Session\Handlers\FileHandler' driver.
INFO - 2024-03-28 23:58:00 --> Session: Class initialized using 'CodeIgniter\Session\Handlers\FileHandler' driver.
INFO - 2024-03-28 23:58:01 --> Session: Class initialized using 'CodeIgniter\Session\Handlers\FileHandler' driver.
INFO - 2024-03-28 23:58:02 --> Session: Class initialized using 'CodeIgniter\Session\Handlers\FileHandler' driver.
INFO - 2024-03-28 23:58:13 --> Session: Class initialized using 'CodeIgniter\Session\Handlers\FileHandler' driver.
INFO - 2024-03-28 23:58:17 --> Session: Class initialized using 'CodeIgniter\Session\Handlers\FileHandler' driver.
INFO - 2024-03-28 23:58:18 --> Session: Class initialized using 'CodeIgniter\Session\Handlers\FileHandler' driver.
INFO - 2024-03-28 23:58:21 --> Session: Class initialized using 'CodeIgniter\Session\Handlers\FileHandler' driver.
INFO - 2024-03-28 23:58:22 --> Session: Class initialized using 'CodeIgniter\Session\Handlers\FileHandler' driver.
INFO - 2024-03-28 23:58:48 --> Session: Class initialized using 'CodeIgniter\Session\Handlers\FileHandler' driver.
INFO - 2024-03-28 23:58:50 --> Session: Class initialized using 'CodeIgniter\Session\Handlers\FileHandler' driver.
INFO - 2024-03-28 23:58:50 --> Session: Class initialized using 'CodeIgniter\Session\Handlers\FileHandler' driver.
INFO - 2024-03-28 23:58:55 --> Session: Class initialized using 'CodeIgniter\Session\Handlers\FileHandler' driver.
INFO - 2024-03-28 23:58:55 --> Session: Class initialized using 'CodeIgniter\Session\Handlers\FileHandler' driver.
INFO - 2024-03-28 23:59:52 --> Session: Class initialized using 'CodeIgniter\Session\Handlers\FileHandler' driver.
